Drill Listing
=============
Drill: .037  Tool: 1  Feed: 197  Speed: 550
X 70000  Y 60000
X 70000  Y 140000
X 130000  Y 140000
X 130000  Y 60000

Drill: .03937  Tool: 2  Feed: 197  Speed: 550
X 55000  Y 80000
X 45000  Y 80000
X 55000  Y 90000
X 45000  Y 90000
X 55000  Y 100000
X 45000  Y 100000
X 55000  Y 110000
X 45000  Y 110000
X 55000  Y 120000
X 45000  Y 120000

Drill: .03937  Tool: 3  Feed: 197  Speed: 550
X 135000  Y 80000
X 135000  Y 90000
X 135000  Y 100000
X 135000  Y 110000
X 135000  Y 120000

End of Listing
