Drill Listing
=============
Drill: .01575  Tool: 1  Feed: 95  Speed: 300
X 80000  Y 60000
X 100500  Y 71500
X 108000  Y 69100
X 130000  Y 60000
X 180000  Y 60000
X 192000  Y 69100
X 190300  Y 105400
X 172800  Y 104400
X 168100  Y 103200
X 164400  Y 112800
X 159500  Y 110200
X 130800  Y 118100
X 114900  Y 123100
X 112700  Y 111600
X 108000  Y 158200
X 118100  Y 146600
X 118400  Y 154000
X 118400  Y 158200
X 129800  Y 150400
X 135700  Y 153500
X 136000  Y 159900
X 139300  Y 157100
X 140200  Y 153000
X 151600  Y 156300
X 152000  Y 143100
X 155500  Y 149600
X 164400  Y 157200
X 170400  Y 160000
X 158900  Y 165900
X 154700  Y 164900
X 153100  Y 160700
X 151400  Y 170600
X 150100  Y 179200
X 140200  Y 168300
X 136300  Y 166300
X 135500  Y 170500
X 133400  Y 163300
X 112700  Y 163800
X 152000  Y 189100
X 174500  Y 200600
X 180200  Y 193400
X 180000  Y 240000
X 130000  Y 240000
X 80000  Y 240000

Drill: .035  Tool: 2  Feed: 197  Speed: 550
X 180000  Y 75000
X 180000  Y 85000
X 180000  Y 95000
X 180000  Y 205000
X 180000  Y 215000
X 180000  Y 225000

Drill: .03937  Tool: 3  Feed: 197  Speed: 550
X 85000  Y 130000
X 95000  Y 130000
X 95000  Y 150000
X 95000  Y 140000
X 95000  Y 170000
X 95000  Y 160000
X 85000  Y 140000
X 85000  Y 150000
X 85000  Y 160000
X 85000  Y 170000

Drill: .03937  Tool: 4  Feed: 197  Speed: 550
X 125900  Y 103664
X 145900  Y 103664

Drill: .04724  Tool: 5  Feed: 139  Speed: 550
X 175000  Y 125000
X 175000  Y 115000
X 185000  Y 125000
X 185000  Y 115000
X 185000  Y 155000
X 185000  Y 145000
X 185000  Y 135000
X 175000  Y 135000
X 175000  Y 145000
X 175000  Y 155000
X 175000  Y 175000
X 175000  Y 165000
X 175000  Y 185000
X 185000  Y 175000
X 185000  Y 165000
X 185000  Y 185000

End of Listing
