Generating 3D model for part 9001-DIP_2X5_1028521929.
	*Warning: No mapping for cell/part 9001-DIP_2X5_1028521929
Generating 3D model for part LM27313_126317241.
	*Warning: No mapping for cell/part LM27313_126317241
Generating 3D model for part LM321_126317241.
	*Warning: No mapping for cell/part LM321_126317241
Generating 3D model for part SN74LVC1T45_3534796976.
	*Warning: No mapping for cell/part SN74LVC1T45_3534796976
Generating 3D model for part STM32F103RC_1418701651.
	*Warning: No mapping for cell/part STM32F103RC_1418701651
Generating 3D model for part USB_TYPE_C_1_4260450611.
	*Warning: No mapping for cell/part USB_TYPE_C_1_4260450611
Generating 3D model for part XC6206_1041705126.
	*Warning: No mapping for cell/part XC6206_1041705126
Generating 3D model for part 3528RGB_LED_3629425088.
	*Warning: No mapping for cell/part 3528RGB_LED_3629425088
Generating 3D model for part DIP6PIN_798026251.
	*Warning: No mapping for cell/part DIP6PIN_798026251
Generating 3D model for part NMOS_1767711930.
	*Warning: No mapping for cell/part NMOS_1767711930
Generating 3D model for part NPN_1767711930.
	*Warning: No mapping for cell/part NPN_1767711930
Generating 3D model for part PMOS_1767711930.
	*Warning: No mapping for cell/part PMOS_1767711930
Generating 3D model for part CAP_B_2135965298.
	*Warning: No mapping for cell/part CAP_B_2135965298
Generating 3D model for part CAP_B_1627904011.
	*Warning: No mapping for cell/part CAP_B_1627904011
Generating 3D model for part RES_1627904011.
	*Warning: No mapping for cell/part RES_1627904011
Generating 3D model for part RES_2135965298.
	*Warning: No mapping for cell/part RES_2135965298
Generating 3D model for part OSC_3225_3366654062.
	*Warning: No mapping for cell/part OSC_3225_3366654062
Generating 3D model for part DIODE_2135965298.
	*Warning: No mapping for cell/part DIODE_2135965298
Generating 3D model for part L_4149318772.
	*Warning: No mapping for cell/part L_4149318772
