Drill Listing
=============
Drill: .01575  Tool: 1  Feed: 95  Speed: 300
X 160000  Y 80000
X 160000  Y 140000
X 147000  Y 199000
X 152000  Y 208000
X 160000  Y 230000
X 120000  Y 280000
X 160000  Y 280000
X 120000  Y 300000
X 160000  Y 300000
X 180000  Y 191000
X 217000  Y 189000
X 210000  Y 180000
X 210000  Y 140000
X 210000  Y 80000
X 260000  Y 80000
X 260000  Y 140000
X 260000  Y 180000
X 260000  Y 230000
X 260000  Y 280000
X 260000  Y 300000
X 220000  Y 300000
X 325000  Y 285000
X 310000  Y 230000
X 310000  Y 180000
X 310000  Y 140000
X 310000  Y 80000

Drill: .03937  Tool: 2  Feed: 197  Speed: 550
X 130000  Y 180000
X 120000  Y 180000
X 120000  Y 190000
X 130000  Y 190000
X 120000  Y 200000
X 130000  Y 200000
X 120000  Y 210000
X 130000  Y 210000
X 120000  Y 220000
X 130000  Y 220000

Drill: .03937  Tool: 3  Feed: 197  Speed: 550
X 120000  Y 80000
X 130000  Y 80000
X 140000  Y 80000
X 150000  Y 80000

Drill: .04724  Tool: 4  Feed: 139  Speed: 550
X 240000  Y 105000
X 240000  Y 115000
X 240000  Y 125000
X 240000  Y 135000
X 240000  Y 145000
X 240000  Y 155000
X 240000  Y 165000
X 240000  Y 175000
X 240000  Y 185000
X 240000  Y 195000
X 240000  Y 205000
X 240000  Y 215000
X 240000  Y 225000
X 240000  Y 235000
X 240000  Y 245000
X 240000  Y 255000
X 240000  Y 265000
X 240000  Y 275000
X 240000  Y 285000
X 240000  Y 295000
X 300000  Y 295000
X 300000  Y 285000
X 300000  Y 275000
X 300000  Y 265000
X 300000  Y 255000
X 300000  Y 245000
X 300000  Y 235000
X 300000  Y 225000
X 300000  Y 215000
X 300000  Y 205000
X 300000  Y 195000
X 300000  Y 185000
X 300000  Y 175000
X 300000  Y 165000
X 300000  Y 155000
X 300000  Y 145000
X 300000  Y 135000
X 300000  Y 125000
X 300000  Y 115000
X 300000  Y 105000

End of Listing
