Drill Listing
=============
Drill: .01575  Tool: 1  Feed: 95  Speed: 300
X 140000  Y 110000
X 140000  Y 140000
X 140000  Y 170000
X 140000  Y 280000
X 140000  Y 310000
X 170000  Y 310000
X 204500  Y 286700
X 170000  Y 280000
X 170000  Y 250000
X 170000  Y 230000
X 170000  Y 210000
X 170000  Y 170000
X 200000  Y 170000
X 200000  Y 140000
X 170000  Y 140000
X 200000  Y 110000
X 170000  Y 110000
X 260000  Y 110000
X 260000  Y 140000
X 260000  Y 170000
X 320000  Y 310000
X 320000  Y 270000
X 320000  Y 230000
X 320000  Y 200000
X 320000  Y 170000
X 320000  Y 140000
X 320000  Y 110000

Drill: .035  Tool: 2  Feed: 197  Speed: 550
X 240000  Y 105000
X 240000  Y 115000
X 240000  Y 125000
X 240000  Y 135000
X 240000  Y 145000
X 240000  Y 155000
X 240000  Y 165000
X 240000  Y 175000
X 240000  Y 185000
X 240000  Y 195000
X 240000  Y 205000
X 240000  Y 215000
X 240000  Y 225000
X 240000  Y 235000
X 240000  Y 245000
X 240000  Y 255000
X 240000  Y 265000
X 240000  Y 275000
X 240000  Y 285000
X 240000  Y 295000
X 300000  Y 295000
X 300000  Y 285000
X 300000  Y 275000
X 300000  Y 265000
X 300000  Y 255000
X 300000  Y 245000
X 300000  Y 235000
X 300000  Y 225000
X 300000  Y 215000
X 300000  Y 205000
X 300000  Y 195000
X 300000  Y 185000
X 300000  Y 175000
X 300000  Y 165000
X 300000  Y 155000
X 300000  Y 145000
X 300000  Y 135000
X 300000  Y 125000
X 300000  Y 115000
X 300000  Y 105000

Drill: .03937  Tool: 3  Feed: 197  Speed: 550
X 134000  Y 94000
X 124000  Y 94000
X 114000  Y 94000
X 114000  Y 180000
X 124000  Y 180000
X 114000  Y 190000
X 124000  Y 190000
X 114000  Y 200000
X 124000  Y 200000
X 124000  Y 210000
X 114000  Y 210000
X 124000  Y 220000
X 114000  Y 220000
X 144000  Y 94000

End of Listing
