Drill Listing
=============
Drill: .01575  Tool: 1  Feed: 95  Speed: 300
X 160000  Y 160000
X 160000  Y 240000
X 200000  Y 240000
X 240000  Y 240000
X 200000  Y 190000
X 240000  Y 160000
X 200000  Y 160000

Drill: .03937  Tool: 2  Feed: 197  Speed: 550
X 155000  Y 180000
X 145000  Y 180000
X 145000  Y 190000
X 155000  Y 190000
X 145000  Y 200000
X 155000  Y 200000
X 145000  Y 210000
X 155000  Y 210000
X 145000  Y 220000
X 155000  Y 220000

Drill: .03937  Tool: 3  Feed: 197  Speed: 550
X 240000  Y 180000
X 240000  Y 190000
X 240000  Y 200000
X 240000  Y 210000
X 240000  Y 220000

End of Listing
