Drill Listing
=============
Drill: .01575  Tool: 1  Feed: 95  Speed: 300
X 160000  Y 90000
X 160000  Y 270000
X 110000  Y 270000
X 110000  Y 320000
X 160000  Y 320000
X 210000  Y 320000
X 260000  Y 320000
X 260000  Y 90000
X 210000  Y 90000
X 310000  Y 90000
X 310000  Y 130000
X 310000  Y 180000
X 310000  Y 220000
X 310000  Y 270000
X 310000  Y 320000

Drill: .035  Tool: 2  Feed: 197  Speed: 550
X 180000  Y 105000
X 170000  Y 105000
X 180000  Y 115000
X 170000  Y 115000
X 180000  Y 125000
X 170000  Y 125000
X 180000  Y 135000
X 170000  Y 135000
X 180000  Y 145000
X 170000  Y 145000
X 180000  Y 155000
X 170000  Y 155000
X 180000  Y 165000
X 170000  Y 165000
X 170000  Y 175000
X 180000  Y 175000
X 170000  Y 185000
X 180000  Y 185000
X 170000  Y 195000
X 180000  Y 195000
X 170000  Y 205000
X 180000  Y 205000
X 170000  Y 215000
X 180000  Y 215000
X 170000  Y 225000
X 180000  Y 225000
X 170000  Y 235000
X 180000  Y 235000
X 170000  Y 245000
X 180000  Y 245000
X 170000  Y 255000
X 180000  Y 255000
X 170000  Y 265000
X 180000  Y 265000
X 180000  Y 275000
X 170000  Y 275000
X 170000  Y 285000
X 180000  Y 285000
X 180000  Y 295000
X 170000  Y 295000
X 230000  Y 295000
X 230000  Y 285000
X 230000  Y 275000
X 230000  Y 265000
X 230000  Y 255000
X 230000  Y 245000
X 230000  Y 235000
X 230000  Y 225000
X 230000  Y 215000
X 230000  Y 205000
X 230000  Y 195000
X 230000  Y 185000
X 230000  Y 175000
X 230000  Y 165000
X 230000  Y 155000
X 230000  Y 145000
X 230000  Y 135000
X 230000  Y 125000
X 230000  Y 115000
X 230000  Y 105000
X 290000  Y 105000
X 290000  Y 115000
X 290000  Y 125000
X 290000  Y 135000
X 290000  Y 145000
X 290000  Y 155000
X 290000  Y 165000
X 290000  Y 175000
X 290000  Y 185000
X 290000  Y 195000
X 290000  Y 205000
X 290000  Y 215000
X 290000  Y 225000
X 290000  Y 235000
X 290000  Y 245000
X 290000  Y 255000
X 290000  Y 265000
X 290000  Y 275000
X 290000  Y 285000
X 290000  Y 295000

Drill: .03937  Tool: 3  Feed: 197  Speed: 550
X 125000  Y 180000
X 115000  Y 180000
X 115000  Y 190000
X 125000  Y 190000
X 115000  Y 200000
X 125000  Y 200000
X 115000  Y 210000
X 125000  Y 210000
X 115000  Y 220000
X 125000  Y 220000

Drill: .03937  Tool: 4  Feed: 197  Speed: 550
X 130000  Y 80000
X 120000  Y 80000
X 110000  Y 80000
X 140000  Y 80000
X 145000  Y 180000
X 145000  Y 190000
X 145000  Y 200000
X 145000  Y 210000
X 145000  Y 220000

End of Listing
